TN:
SF:src/lib/analyze.ts
FN:2,__name
FN:7,analyzeDependencies
FN:15,dfs
FN:39,anonymous_3
FN:46,anonymous_4
FN:47,anonymous_5
FNDA:8,__name
FNDA:7,analyzeDependencies
FNDA:25,dfs
FNDA:20,anonymous_3
FNDA:4,anonymous_4
FNDA:5,anonymous_5
FNF:6
FNH:6
BRDA:1,0,0,1
BRDA:2,1,0,8
BRDA:7,2,0,7
BRDA:15,3,0,25
BRDA:17,4,0,4
BRDA:21,5,0,21
BRDA:21,6,0,1
BRDA:22,7,0,20
BRDA:27,8,0,0
BRDA:27,9,0,4
BRDA:29,10,0,16
BRDA:30,11,0,17
BRDA:31,12,0,20
BRDA:39,13,0,20
BRDA:43,14,0,8
BRDA:46,15,0,4
BRDA:47,16,0,5
BRF:17
BRH:16
DA:1,1
DA:2,1
DA:3,8
DA:4,8
DA:5,8
DA:6,8
DA:7,1
DA:8,7
DA:9,7
DA:10,7
DA:11,7
DA:12,7
DA:13,7
DA:14,7
DA:15,7
DA:16,25
DA:17,25
DA:18,4
DA:19,4
DA:20,4
DA:21,25
DA:22,20
DA:23,20
DA:24,20
DA:25,20
DA:26,20
DA:27,25
DA:28,4
DA:29,25
DA:30,16
DA:31,25
DA:32,20
DA:33,20
DA:34,20
DA:35,7
DA:36,7
DA:37,7
DA:38,7
DA:39,7
DA:40,20
DA:41,20
DA:42,20
DA:43,7
DA:44,7
DA:45,7
DA:46,4
DA:47,4
DA:48,5
DA:49,5
DA:50,7
DA:51,7
DA:52,1
DA:53,1
DA:54,1
DA:55,1
DA:56,1
DA:57,1
DA:58,1
DA:59,1
DA:60,1
DA:61,1
DA:62,1
DA:63,1
DA:64,1
DA:65,1
DA:66,1
DA:67,1
DA:68,1
DA:69,1
DA:70,1
DA:71,1
DA:72,1
DA:73,1
DA:74,1
DA:75,1
DA:76,1
DA:77,1
DA:78,1
DA:79,1
DA:80,1
DA:81,1
DA:82,1
DA:83,1
DA:84,1
DA:85,1
DA:86,1
DA:87,1
DA:88,1
DA:89,1
DA:90,1
DA:91,1
DA:92,1
DA:93,1
LH:93
LF:93
end_of_record
SF:src/lib/handlers/imports.ts
FN:4,__name
FN:6,handleImports
FN:11,anonymous_2
FN:13,handleImportEqual
FN:25,anonymous_4
FN:27,handleAwaitImport
FN:35,anonymous_6
FNDA:3,__name
FNDA:248,handleImports
FNDA:195,anonymous_2
FNDA:281,handleImportEqual
FNDA:228,anonymous_4
FNDA:251,handleAwaitImport
FNDA:198,anonymous_6
FNF:7
FNH:7
BRDA:1,0,0,1
BRDA:4,1,0,3
BRDA:6,2,0,248
BRDA:9,3,0,6
BRDA:9,4,0,6
BRDA:11,5,0,242
BRDA:11,6,0,195
BRDA:13,7,0,281
BRDA:15,8,0,1
BRDA:20,9,0,1
BRDA:25,10,0,280
BRDA:25,11,0,228
BRDA:27,12,0,251
BRDA:28,13,0,11
BRDA:32,14,0,11
BRDA:33,15,0,240
BRDA:35,16,0,198
BRF:17
BRH:17
DA:1,1
DA:2,1
DA:3,1
DA:4,1
DA:5,1
DA:6,1
DA:7,248
DA:8,248
DA:9,248
DA:10,6
DA:11,248
DA:12,1
DA:13,1
DA:14,281
DA:15,281
DA:16,1
DA:17,1
DA:18,1
DA:19,1
DA:20,281
DA:21,1
DA:22,1
DA:23,1
DA:24,1
DA:25,1
DA:26,1
DA:27,1
DA:28,251
DA:29,11
DA:30,11
DA:31,11
DA:32,251
DA:33,251
DA:34,240
DA:35,240
DA:36,1
DA:37,1
DA:38,1
DA:39,1
DA:40,1
DA:41,1
DA:42,1
DA:43,1
DA:44,1
DA:45,1
DA:46,1
DA:47,1
DA:48,1
DA:49,1
DA:50,1
DA:51,1
DA:52,1
DA:53,1
DA:54,1
DA:55,1
DA:56,1
DA:57,1
DA:58,1
DA:59,1
DA:60,1
DA:61,1
DA:62,1
DA:63,1
DA:64,1
DA:65,1
DA:66,1
DA:67,1
DA:68,1
DA:69,1
DA:70,1
DA:71,1
DA:72,1
LH:72
LF:72
end_of_record
SF:src/lib/handlers/index.ts
FN:3,__name
FN:10,handlers
FNDA:1,__name
FNDA:53,handlers
FNF:2
FNH:2
BRDA:1,0,0,1
BRDA:3,1,0,1
BRDA:10,2,0,53
BRF:3
BRH:3
DA:1,1
DA:2,1
DA:3,1
DA:4,1
DA:5,1
DA:6,1
DA:7,1
DA:8,1
DA:9,1
DA:10,1
DA:11,53
DA:12,53
DA:13,53
DA:14,1
DA:15,1
DA:16,1
DA:17,1
DA:18,1
DA:19,1
DA:20,1
DA:21,1
DA:22,1
DA:23,1
DA:24,1
DA:25,1
LH:25
LF:25
end_of_record
SF:src/lib/handlers/require.ts
FN:4,__name
FN:6,handleRequire
FN:22,anonymous_2
FNDA:1,__name
FNDA:250,handleRequire
FNDA:197,anonymous_2
FNF:3
FNH:3
BRDA:1,0,0,1
BRDA:4,1,0,1
BRDA:6,2,0,250
BRDA:8,3,0,22
BRDA:10,4,0,11
BRDA:10,5,0,11
BRDA:12,6,0,10
BRDA:13,7,0,239
BRDA:13,8,0,3
BRDA:18,9,0,3
BRDA:21,10,0,236
BRDA:22,11,0,197
BRF:12
BRH:12
DA:1,1
DA:2,1
DA:3,1
DA:4,1
DA:5,1
DA:6,1
DA:7,250
DA:8,250
DA:9,22
DA:10,250
DA:11,11
DA:12,11
DA:13,250
DA:14,3
DA:15,3
DA:16,3
DA:17,3
DA:18,250
DA:19,3
DA:20,3
DA:21,250
DA:22,1
DA:23,1
DA:24,1
DA:25,1
DA:26,1
DA:27,1
DA:28,1
DA:29,1
DA:30,1
DA:31,1
DA:32,1
DA:33,1
DA:34,1
DA:35,1
DA:36,1
DA:37,1
DA:38,1
DA:39,1
DA:40,1
DA:41,1
DA:42,1
DA:43,1
DA:44,1
DA:45,1
DA:46,1
DA:47,1
DA:48,1
DA:49,1
DA:50,1
LH:50
LF:50
end_of_record
SF:src/lib/resolveExt.ts
FN:2,__name
FN:5,resolveExtension
FN:13,anonymous_2
FN:14,anonymous_3
FN:30,anonymous_4
FNDA:2,__name
FNDA:3,resolveExtension
FNDA:6,anonymous_2
FNDA:2,anonymous_3
FNDA:3,anonymous_4
FNF:5
FNH:5
BRDA:1,0,0,1
BRDA:2,1,0,2
BRDA:5,2,0,3
BRDA:15,3,0,1
BRDA:17,4,0,2
BRDA:17,5,0,1
BRDA:18,6,0,0
BRDA:27,7,0,2
BRDA:13,8,0,6
BRDA:14,9,0,2
BRDA:30,10,0,3
BRDA:33,11,0,1
BRDA:33,12,0,2
BRDA:35,13,0,1
BRF:14
BRH:13
DA:1,1
DA:2,1
DA:3,2
DA:4,1
DA:5,1
DA:6,3
DA:7,3
DA:8,3
DA:9,3
DA:10,3
DA:11,3
DA:12,3
DA:13,3
DA:14,3
DA:15,3
DA:16,1
DA:17,3
DA:18,1
DA:19,1
DA:20,1
DA:21,1
DA:22,1
DA:23,1
DA:24,1
DA:25,1
DA:26,1
DA:27,1
DA:28,1
DA:29,1
DA:30,1
DA:31,3
DA:32,3
DA:33,3
DA:34,2
DA:35,2
DA:36,1
DA:37,1
DA:38,1
DA:39,1
DA:40,1
DA:41,1
DA:42,1
DA:43,1
DA:44,1
DA:45,1
DA:46,1
DA:47,1
DA:48,1
DA:49,1
DA:50,1
DA:51,1
DA:52,1
DA:53,1
DA:54,1
DA:55,1
DA:56,1
DA:57,1
DA:58,1
DA:59,1
DA:60,1
DA:61,1
DA:62,1
DA:63,1
DA:64,1
DA:65,1
DA:66,1
DA:67,1
LH:67
LF:67
end_of_record
SF:test-utils/util.ts
FN:3,__name
FN:6,anonymous_1
FN:9,anonymous_2
FN:undefined,anonymous_3
FN:undefined,anonymous_4
FNDA:3,__name
FNDA:8,anonymous_1
FNDA:8,anonymous_2
FNDA:16,anonymous_3
FNDA:31,anonymous_4
FNF:5
FNH:5
BRDA:1,0,0,1
BRDA:3,1,0,3
BRDA:6,2,0,8
BRDA:9,3,0,8
BRDA:undefined,4,0,16
BRDA:undefined,5,0,31
BRF:6
BRH:6
DA:1,1
DA:2,1
DA:3,1
DA:4,1
DA:5,1
DA:6,1
DA:7,1
DA:8,1
DA:9,1
DA:10,8
DA:11,1
DA:12,1
DA:13,1
LH:13
LF:13
end_of_record
SF:test/analyze.test.ts
FN:5,anonymous_0
FN:8,anonymous_1
FN:12,anonymous_2
FN:18,anonymous_3
FN:30,anonymous_4
FN:43,anonymous_5
FN:64,anonymous_6
FN:79,anonymous_7
FN:93,anonymous_8
FNDA:1,anonymous_0
FNDA:1,anonymous_1
FNDA:1,anonymous_2
FNDA:1,anonymous_3
FNDA:1,anonymous_4
FNDA:1,anonymous_5
FNDA:1,anonymous_6
FNDA:1,anonymous_7
FNDA:1,anonymous_8
FNF:9
FNH:9
BRDA:1,0,0,1
BRDA:5,1,0,1
BRDA:8,2,0,1
BRDA:12,3,0,1
BRDA:18,4,0,1
BRDA:30,5,0,1
BRDA:43,6,0,1
BRDA:64,7,0,1
BRDA:79,8,0,1
BRDA:93,9,0,1
BRF:10
BRH:10
DA:1,1
DA:2,1
DA:3,1
DA:4,1
DA:5,1
DA:6,1
DA:7,1
DA:8,1
DA:9,1
DA:10,1
DA:11,1
DA:12,1
DA:13,1
DA:14,1
DA:15,1
DA:16,1
DA:17,1
DA:18,1
DA:19,1
DA:20,1
DA:21,1
DA:22,1
DA:23,1
DA:24,1
DA:25,1
DA:26,1
DA:27,1
DA:28,1
DA:29,1
DA:30,1
DA:31,1
DA:32,1
DA:33,1
DA:34,1
DA:35,1
DA:36,1
DA:37,1
DA:38,1
DA:39,1
DA:40,1
DA:41,1
DA:42,1
DA:43,1
DA:44,1
DA:45,1
DA:46,1
DA:47,1
DA:48,1
DA:49,1
DA:50,1
DA:51,1
DA:52,1
DA:53,1
DA:54,1
DA:55,1
DA:56,1
DA:57,1
DA:58,1
DA:59,1
DA:60,1
DA:61,1
DA:62,1
DA:63,1
DA:64,1
DA:65,1
DA:66,1
DA:67,1
DA:68,1
DA:69,1
DA:70,1
DA:71,1
DA:72,1
DA:73,1
DA:74,1
DA:75,1
DA:76,1
DA:77,1
DA:78,1
DA:79,1
DA:80,1
DA:81,1
DA:82,1
DA:83,1
DA:84,1
DA:85,1
DA:86,1
DA:87,1
DA:88,1
DA:89,1
DA:90,1
DA:91,1
DA:92,1
DA:93,1
DA:94,1
DA:95,1
DA:96,1
DA:97,1
DA:98,1
DA:99,1
DA:100,1
DA:101,1
DA:102,1
DA:103,1
DA:104,1
DA:105,1
DA:106,1
DA:107,1
DA:108,1
DA:109,1
DA:110,1
DA:111,1
DA:112,1
DA:113,1
DA:114,1
DA:115,1
DA:116,1
DA:117,1
DA:118,1
DA:119,1
DA:120,1
DA:121,1
DA:122,1
DA:123,1
DA:124,1
DA:125,1
DA:126,1
DA:127,1
DA:128,1
DA:129,1
DA:130,1
DA:131,1
DA:132,1
DA:133,1
DA:134,1
DA:135,1
DA:136,1
DA:137,1
DA:138,1
DA:139,1
DA:140,1
DA:141,1
DA:142,1
DA:143,1
DA:144,1
DA:145,1
DA:146,1
DA:147,1
DA:148,1
DA:149,1
DA:150,1
DA:151,1
DA:152,1
DA:153,1
DA:154,1
DA:155,1
DA:156,1
DA:157,1
DA:158,1
DA:159,1
DA:160,1
DA:161,1
DA:162,1
DA:163,1
LH:163
LF:163
end_of_record
SF:test/handlers.test.ts
FN:12,anonymous_0
FN:16,anonymous_1
FN:19,anonymous_2
FN:23,anonymous_3
FN:27,anonymous_4
FN:31,anonymous_5
FN:36,anonymous_6
FN:40,anonymous_7
FN:45,anonymous_8
FN:48,anonymous_9
FN:54,anonymous_10
FN:58,anonymous_11
FN:64,anonymous_12
FN:67,anonymous_13
FN:71,anonymous_14
FN:72,anonymous_15
FN:76,anonymous_16
FN:80,anonymous_17
FN:84,anonymous_18
FN:92,anonymous_19
FN:95,anonymous_20
FN:101,anonymous_21
FN:104,anonymous_22
FN:109,anonymous_23
FN:114,anonymous_24
FN:119,anonymous_25
FN:125,anonymous_26
FN:130,anonymous_27
FN:134,anonymous_28
FN:137,anonymous_29
FN:142,anonymous_30
FN:144,anonymous_31
FN:149,anonymous_32
FN:157,anonymous_33
FN:159,anonymous_34
FN:164,anonymous_35
FN:166,anonymous_36
FNDA:1,anonymous_0
FNDA:1,anonymous_1
FNDA:1,anonymous_2
FNDA:2,anonymous_3
FNDA:1,anonymous_4
FNDA:2,anonymous_5
FNDA:1,anonymous_6
FNDA:3,anonymous_7
FNDA:1,anonymous_8
FNDA:2,anonymous_9
FNDA:1,anonymous_10
FNDA:2,anonymous_11
FNDA:1,anonymous_12
FNDA:2,anonymous_13
FNDA:1,anonymous_14
FNDA:1,anonymous_15
FNDA:2,anonymous_16
FNDA:1,anonymous_17
FNDA:2,anonymous_18
FNDA:1,anonymous_19
FNDA:2,anonymous_20
FNDA:1,anonymous_21
FNDA:2,anonymous_22
FNDA:1,anonymous_23
FNDA:2,anonymous_24
FNDA:1,anonymous_25
FNDA:2,anonymous_26
FNDA:1,anonymous_27
FNDA:1,anonymous_28
FNDA:6,anonymous_29
FNDA:1,anonymous_30
FNDA:6,anonymous_31
FNDA:1,anonymous_32
FNDA:1,anonymous_33
FNDA:8,anonymous_34
FNDA:1,anonymous_35
FNDA:8,anonymous_36
FNF:37
FNH:37
BRDA:1,0,0,1
BRDA:12,1,0,1
BRDA:16,2,0,1
BRDA:19,3,0,1
BRDA:23,4,0,2
BRDA:27,5,0,1
BRDA:31,6,0,2
BRDA:36,7,0,1
BRDA:40,8,0,3
BRDA:45,9,0,1
BRDA:48,10,0,2
BRDA:54,11,0,1
BRDA:58,12,0,2
BRDA:64,13,0,1
BRDA:67,14,0,2
BRDA:71,15,0,1
BRDA:72,16,0,1
BRDA:76,17,0,2
BRDA:80,18,0,1
BRDA:84,19,0,2
BRDA:92,20,0,1
BRDA:95,21,0,2
BRDA:101,22,0,1
BRDA:104,23,0,2
BRDA:109,24,0,1
BRDA:114,25,0,2
BRDA:119,26,0,1
BRDA:125,27,0,2
BRDA:130,28,0,1
BRDA:134,29,0,1
BRDA:137,30,0,6
BRDA:142,31,0,1
BRDA:144,32,0,6
BRDA:149,33,0,1
BRDA:157,34,0,1
BRDA:159,35,0,8
BRDA:164,36,0,1
BRDA:166,37,0,8
BRF:38
BRH:38
DA:1,1
DA:2,1
DA:3,1
DA:4,1
DA:5,1
DA:6,1
DA:7,1
DA:8,1
DA:9,1
DA:10,1
DA:11,1
DA:12,1
DA:13,1
DA:14,1
DA:15,1
DA:16,1
DA:17,1
DA:18,1
DA:19,1
DA:20,1
DA:21,1
DA:22,1
DA:23,1
DA:24,1
DA:25,1
DA:26,1
DA:27,1
DA:28,1
DA:29,1
DA:30,1
DA:31,1
DA:32,1
DA:33,1
DA:34,1
DA:35,1
DA:36,1
DA:37,1
DA:38,1
DA:39,1
DA:40,1
DA:41,3
DA:42,1
DA:43,1
DA:44,1
DA:45,1
DA:46,1
DA:47,1
DA:48,1
DA:49,1
DA:50,1
DA:51,1
DA:52,1
DA:53,1
DA:54,1
DA:55,1
DA:56,1
DA:57,1
DA:58,1
DA:59,1
DA:60,1
DA:61,1
DA:62,1
DA:63,1
DA:64,1
DA:65,1
DA:66,1
DA:67,1
DA:68,1
DA:69,1
DA:70,1
DA:71,1
DA:72,1
DA:73,1
DA:74,1
DA:75,1
DA:76,1
DA:77,1
DA:78,1
DA:79,1
DA:80,1
DA:81,1
DA:82,1
DA:83,1
DA:84,1
DA:85,1
DA:86,1
DA:87,1
DA:88,1
DA:89,1
DA:90,1
DA:91,1
DA:92,1
DA:93,1
DA:94,1
DA:95,1
DA:96,1
DA:97,1
DA:98,1
DA:99,1
DA:100,1
DA:101,1
DA:102,1
DA:103,1
DA:104,1
DA:105,1
DA:106,1
DA:107,1
DA:108,1
DA:109,1
DA:110,1
DA:111,1
DA:112,1
DA:113,1
DA:114,1
DA:115,1
DA:116,1
DA:117,1
DA:118,1
DA:119,1
DA:120,1
DA:121,1
DA:122,1
DA:123,1
DA:124,1
DA:125,1
DA:126,1
DA:127,1
DA:128,1
DA:129,1
DA:130,1
DA:131,1
DA:132,1
DA:133,1
DA:134,1
DA:135,1
DA:136,1
DA:137,1
DA:138,1
DA:139,1
DA:140,1
DA:141,1
DA:142,1
DA:143,1
DA:144,1
DA:145,1
DA:146,1
DA:147,1
DA:148,1
DA:149,1
DA:150,1
DA:151,1
DA:152,1
DA:153,1
DA:154,1
DA:155,1
DA:156,1
DA:157,1
DA:158,1
DA:159,1
DA:160,1
DA:161,1
DA:162,1
DA:163,1
DA:164,1
DA:165,1
DA:166,1
DA:167,1
DA:168,1
DA:169,1
DA:170,1
DA:171,1
DA:172,1
DA:173,1
DA:174,1
DA:175,1
DA:176,1
DA:177,1
DA:178,1
DA:179,1
DA:180,1
DA:181,1
DA:182,1
DA:183,1
DA:184,1
DA:185,1
DA:186,1
DA:187,1
DA:188,1
DA:189,1
DA:190,1
DA:191,1
DA:192,1
DA:193,1
DA:194,1
DA:195,1
DA:196,1
DA:197,1
DA:198,1
DA:199,1
DA:200,1
DA:201,1
DA:202,1
DA:203,1
DA:204,1
DA:205,1
DA:206,1
DA:207,1
DA:208,1
DA:209,1
DA:210,1
DA:211,1
DA:212,1
DA:213,1
DA:214,1
DA:215,1
DA:216,1
DA:217,1
DA:218,1
LH:218
LF:218
end_of_record
SF:test/resolveExt.test.ts
FN:5,anonymous_0
FN:8,anonymous_1
FN:12,anonymous_2
FN:19,anonymous_3
FN:25,anonymous_4
FN:27,anonymous_5
FN:29,anonymous_6
FN:36,anonymous_7
FN:42,anonymous_8
FNDA:1,anonymous_0
FNDA:1,anonymous_1
FNDA:1,anonymous_2
FNDA:1,anonymous_3
FNDA:1,anonymous_4
FNDA:1,anonymous_5
FNDA:1,anonymous_6
FNDA:1,anonymous_7
FNDA:1,anonymous_8
FNF:9
FNH:9
BRDA:1,0,0,1
BRDA:5,1,0,1
BRDA:8,2,0,1
BRDA:12,3,0,1
BRDA:19,4,0,1
BRDA:25,5,0,1
BRDA:27,6,0,1
BRDA:29,7,0,1
BRDA:36,8,0,1
BRDA:42,9,0,1
BRF:10
BRH:10
DA:1,1
DA:2,1
DA:3,1
DA:4,1
DA:5,1
DA:6,1
DA:7,1
DA:8,1
DA:9,1
DA:10,1
DA:11,1
DA:12,1
DA:13,1
DA:14,1
DA:15,1
DA:16,1
DA:17,1
DA:18,1
DA:19,1
DA:20,1
DA:21,1
DA:22,1
DA:23,1
DA:24,1
DA:25,1
DA:26,1
DA:27,1
DA:28,1
DA:29,1
DA:30,1
DA:31,1
DA:32,1
DA:33,1
DA:34,1
DA:35,1
DA:36,1
DA:37,1
DA:38,1
DA:39,1
DA:40,1
DA:41,1
DA:42,1
DA:43,1
DA:44,1
DA:45,1
DA:46,1
DA:47,1
DA:48,1
DA:49,1
DA:50,1
DA:51,1
DA:52,1
DA:53,1
DA:54,1
DA:55,1
LH:55
LF:55
end_of_record
