TN:
SF:src/index.ts
FN:1,__name
FN:19,dependensia
FN:43,dependents
FN:47,anonymous_3
FN:47,anonymous_4
FN:48,anonymous_5
FN:48,anonymous_6
FN:48,anonymous_7
FN:48,anonymous_8
FN:48,anonymous_9
FN:50,anonymous_10
FN:52,anonymous_11
FN:54,anonymous_12
FN:55,anonymous_13
FNDA:13,__name
FNDA:1,dependensia
FNDA:1,dependents
FNDA:1,anonymous_3
FNDA:1,anonymous_4
FNDA:1,anonymous_5
FNDA:1,anonymous_6
FNDA:1,anonymous_7
FNDA:1,anonymous_8
FNDA:1,anonymous_9
FNDA:1,anonymous_10
FNDA:1,anonymous_11
FNDA:1,anonymous_12
FNDA:1,anonymous_13
FNF:14
FNH:14
BRDA:1,0,0,1
BRDA:1,1,0,13
BRDA:19,2,0,1
BRDA:43,3,0,1
BRDA:47,4,0,0
BRDA:47,5,0,1
BRDA:47,6,0,1
BRDA:48,7,0,1
BRDA:48,8,0,1
BRDA:48,9,0,1
BRDA:48,10,0,1
BRDA:48,11,0,1
BRDA:50,12,0,1
BRDA:52,13,0,1
BRDA:54,14,0,1
BRDA:55,15,0,1
BRF:16
BRH:15
DA:1,1
DA:2,1
DA:3,1
DA:4,1
DA:5,1
DA:6,1
DA:7,1
DA:8,1
DA:9,1
DA:10,1
DA:11,1
DA:12,1
DA:13,1
DA:14,1
DA:15,1
DA:16,1
DA:17,1
DA:18,1
DA:19,1
DA:20,1
DA:21,1
DA:22,1
DA:23,1
DA:24,1
DA:25,1
DA:26,1
DA:27,1
DA:28,1
DA:29,1
DA:30,1
DA:31,1
DA:32,1
DA:33,1
DA:34,1
DA:35,1
DA:36,1
DA:37,1
DA:38,1
DA:39,1
DA:40,1
DA:41,1
DA:42,1
DA:43,1
DA:44,1
DA:45,1
DA:46,1
DA:47,1
DA:48,1
DA:49,1
DA:50,1
DA:51,1
DA:52,1
DA:53,1
DA:54,1
DA:55,1
DA:56,1
DA:57,1
DA:58,1
DA:59,1
DA:60,1
DA:61,1
DA:62,1
DA:63,1
DA:64,1
DA:65,1
DA:66,1
DA:67,1
DA:68,1
DA:69,1
DA:70,1
DA:71,1
DA:72,1
DA:73,1
DA:74,1
DA:75,1
DA:76,1
DA:77,1
DA:78,1
DA:79,1
DA:80,1
DA:81,1
DA:82,1
DA:83,1
DA:84,1
DA:85,1
DA:86,1
DA:87,1
DA:88,1
DA:89,1
DA:90,1
DA:91,1
DA:92,1
DA:93,1
DA:94,1
DA:95,1
DA:96,1
DA:97,1
DA:98,1
DA:99,1
DA:100,1
DA:101,1
DA:102,1
DA:103,1
DA:104,1
DA:105,1
DA:106,1
DA:107,1
DA:108,1
DA:109,1
DA:110,1
DA:111,1
DA:112,1
DA:113,1
DA:114,1
DA:115,1
DA:116,1
DA:117,1
DA:118,1
DA:119,1
DA:120,1
DA:121,1
DA:122,1
DA:123,1
DA:124,1
DA:125,1
DA:126,1
DA:127,1
DA:128,1
DA:129,1
DA:130,1
DA:131,1
DA:132,1
DA:133,1
DA:134,1
DA:135,1
DA:136,1
DA:137,1
DA:138,1
DA:139,1
DA:140,1
DA:141,1
DA:142,1
DA:143,1
DA:144,1
DA:145,1
DA:146,1
DA:147,1
DA:148,1
DA:149,1
DA:150,1
DA:151,1
DA:152,1
DA:153,1
DA:154,1
DA:155,1
DA:156,1
DA:157,1
DA:158,1
DA:159,1
DA:160,1
DA:161,1
DA:162,1
DA:163,1
DA:164,1
LH:164
LF:164
end_of_record
SF:src/lib/analyze.ts
FN:2,__name
FN:7,analyzeDependencies
FN:15,dfs
FN:39,anonymous_3
FN:46,anonymous_4
FN:47,anonymous_5
FNDA:10,__name
FNDA:8,analyzeDependencies
FNDA:41,dfs
FNDA:33,anonymous_3
FNDA:4,anonymous_4
FNDA:5,anonymous_5
FNF:6
FNH:6
BRDA:1,0,0,2
BRDA:2,1,0,10
BRDA:7,2,0,8
BRDA:15,3,0,41
BRDA:21,4,0,4
BRDA:22,5,0,33
BRDA:27,6,0,13
BRDA:29,7,0,20
BRDA:30,8,0,32
BRDA:31,9,0,33
BRDA:17,10,0,4
BRDA:21,11,0,21
BRDA:27,12,0,0
BRDA:39,13,0,33
BRDA:43,14,0,9
BRDA:46,15,0,4
BRDA:47,16,0,5
BRF:17
BRH:16
DA:1,2
DA:2,2
DA:3,10
DA:4,10
DA:5,10
DA:6,10
DA:7,2
DA:8,8
DA:9,8
DA:10,8
DA:11,8
DA:12,8
DA:13,8
DA:14,8
DA:15,8
DA:16,41
DA:17,41
DA:18,4
DA:19,4
DA:20,4
DA:21,41
DA:22,33
DA:23,33
DA:24,33
DA:25,33
DA:26,33
DA:27,41
DA:28,13
DA:29,41
DA:30,20
DA:31,41
DA:32,33
DA:33,33
DA:34,33
DA:35,8
DA:36,8
DA:37,8
DA:38,8
DA:39,8
DA:40,33
DA:41,33
DA:42,33
DA:43,8
DA:44,8
DA:45,8
DA:46,4
DA:47,4
DA:48,5
DA:49,5
DA:50,8
DA:51,8
DA:52,2
DA:53,2
DA:54,2
DA:55,2
DA:56,2
DA:57,2
DA:58,2
DA:59,2
DA:60,2
DA:61,2
DA:62,2
DA:63,2
DA:64,2
DA:65,2
DA:66,2
DA:67,2
DA:68,2
DA:69,2
DA:70,2
DA:71,2
DA:72,2
DA:73,2
DA:74,2
DA:75,2
DA:76,2
DA:77,2
DA:78,2
DA:79,2
DA:80,2
DA:81,2
DA:82,2
DA:83,2
DA:84,2
DA:85,2
DA:86,2
DA:87,2
DA:88,2
DA:89,2
DA:90,2
DA:91,2
DA:92,2
DA:93,2
LH:93
LF:93
end_of_record
SF:src/lib/collect.ts
FN:2,__name
FN:5,collectDependencies
FN:9,visit
FN:25,processModule
FN:38,anonymous_4
FN:44,anonymous_5
FNDA:15,__name
FNDA:1,collectDependencies
FNDA:16,visit
FNDA:28,processModule
FNDA:84,anonymous_4
FNDA:15,anonymous_5
FNF:6
FNH:6
BRDA:1,0,0,1
BRDA:2,1,0,15
BRDA:5,2,0,1
BRDA:9,3,0,16
BRDA:11,4,0,3
BRDA:11,5,0,13
BRDA:15,6,0,0
BRDA:20,7,0,13
BRDA:25,8,0,28
BRDA:26,9,0,13
BRDA:27,10,0,15
BRDA:31,11,0,13
BRDA:31,12,0,8
BRDA:32,13,0,5
BRDA:33,14,0,0
BRDA:38,15,0,84
BRDA:44,16,0,15
BRF:17
BRH:15
DA:1,1
DA:2,1
DA:3,1
DA:4,1
DA:5,1
DA:6,1
DA:7,1
DA:8,1
DA:9,1
DA:10,16
DA:11,16
DA:12,13
DA:13,13
DA:14,13
DA:15,16
DA:16,0
DA:17,0
DA:18,0
DA:19,0
DA:20,16
DA:21,13
DA:22,13
DA:23,13
DA:24,13
DA:25,13
DA:26,28
DA:27,28
DA:28,15
DA:29,15
DA:30,15
DA:31,28
DA:32,13
DA:33,5
DA:34,13
DA:35,13
DA:36,13
DA:37,13
DA:38,84
DA:39,84
DA:40,13
DA:41,13
DA:42,13
DA:43,13
DA:44,13
DA:45,1
DA:46,1
DA:47,1
DA:48,1
DA:49,1
DA:50,1
DA:51,1
DA:52,1
DA:53,1
DA:54,1
DA:55,1
DA:56,1
DA:57,1
DA:58,1
DA:59,1
DA:60,1
DA:61,1
DA:62,1
DA:63,1
DA:64,1
DA:65,1
DA:66,1
DA:67,1
DA:68,1
DA:69,1
DA:70,1
DA:71,1
DA:72,1
DA:73,1
DA:74,1
DA:75,1
DA:76,1
DA:77,1
DA:78,1
DA:79,1
DA:80,1
DA:81,1
DA:82,1
DA:83,1
DA:84,1
DA:85,1
DA:86,1
DA:87,1
DA:88,1
DA:89,1
DA:90,1
DA:91,1
DA:92,1
DA:93,1
DA:94,1
DA:95,1
DA:96,1
DA:97,1
DA:98,1
DA:99,1
DA:100,1
DA:101,1
DA:102,1
DA:103,1
DA:104,1
DA:105,1
DA:106,1
DA:107,1
DA:108,1
DA:109,1
DA:110,1
DA:111,1
DA:112,1
DA:113,1
DA:114,1
DA:115,1
DA:116,1
DA:117,1
DA:118,1
DA:119,1
DA:120,1
DA:121,1
DA:122,1
DA:123,1
DA:124,1
LH:120
LF:124
end_of_record
SF:src/lib/handlers/imports.ts
FN:4,__name
FN:6,handleImports
FN:11,anonymous_2
FN:13,handleImportEqual
FN:25,anonymous_4
FN:27,handleAwaitImport
FN:35,anonymous_6
FNDA:6,__name
FNDA:3063,handleImports
FNDA:2926,anonymous_2
FNDA:3215,handleImportEqual
FNDA:3078,anonymous_4
FNDA:3185,handleAwaitImport
FNDA:3048,anonymous_6
FNF:7
FNH:7
BRDA:1,0,0,2
BRDA:4,1,0,6
BRDA:6,2,0,3063
BRDA:9,3,0,34
BRDA:9,4,0,34
BRDA:11,5,0,3029
BRDA:11,6,0,2926
BRDA:13,7,0,3215
BRDA:15,8,0,1
BRDA:20,9,0,1
BRDA:25,10,0,280
BRDA:25,11,0,3078
BRDA:27,12,0,3185
BRDA:28,13,0,22
BRDA:32,14,0,11
BRDA:33,15,0,240
BRDA:35,16,0,3048
BRF:17
BRH:17
DA:1,2
DA:2,2
DA:3,2
DA:4,2
DA:5,2
DA:6,2
DA:7,3063
DA:8,3063
DA:9,3063
DA:10,34
DA:11,3063
DA:12,2
DA:13,2
DA:14,3215
DA:15,3215
DA:16,1
DA:17,1
DA:18,1
DA:19,1
DA:20,3215
DA:21,1
DA:22,1
DA:23,1
DA:24,1
DA:25,2
DA:26,2
DA:27,2
DA:28,3185
DA:29,22
DA:30,22
DA:31,22
DA:32,3185
DA:33,3185
DA:34,240
DA:35,240
DA:36,2
DA:37,2
DA:38,2
DA:39,2
DA:40,2
DA:41,2
DA:42,2
DA:43,2
DA:44,2
DA:45,2
DA:46,2
DA:47,2
DA:48,2
DA:49,2
DA:50,2
DA:51,2
DA:52,2
DA:53,2
DA:54,2
DA:55,2
DA:56,2
DA:57,2
DA:58,2
DA:59,2
DA:60,2
DA:61,2
DA:62,2
DA:63,2
DA:64,2
DA:65,2
DA:66,2
DA:67,2
DA:68,2
DA:69,2
DA:70,2
DA:71,2
DA:72,2
LH:72
LF:72
end_of_record
SF:src/lib/handlers/index.ts
FN:3,__name
FN:10,handlers
FNDA:2,__name
FNDA:137,handlers
FNF:2
FNH:2
BRDA:1,0,0,2
BRDA:3,1,0,2
BRDA:10,2,0,137
BRF:3
BRH:3
DA:1,2
DA:2,2
DA:3,2
DA:4,2
DA:5,2
DA:6,2
DA:7,2
DA:8,2
DA:9,2
DA:10,2
DA:11,137
DA:12,137
DA:13,137
DA:14,2
DA:15,2
DA:16,2
DA:17,2
DA:18,2
DA:19,2
DA:20,2
DA:21,2
DA:22,2
DA:23,2
DA:24,2
DA:25,2
LH:25
LF:25
end_of_record
SF:src/lib/handlers/require.ts
FN:4,__name
FN:6,handleRequire
FN:22,anonymous_2
FNDA:2,__name
FNDA:3184,handleRequire
FNDA:3047,anonymous_2
FNF:3
FNH:3
BRDA:1,0,0,2
BRDA:4,1,0,2
BRDA:6,2,0,3184
BRDA:8,3,0,183
BRDA:10,4,0,11
BRDA:10,5,0,11
BRDA:12,6,0,10
BRDA:13,7,0,239
BRDA:13,8,0,3
BRDA:18,9,0,3
BRDA:21,10,0,236
BRDA:10,11,0,38
BRDA:13,12,0,198
BRDA:14,13,0,9
BRDA:22,14,0,3047
BRF:15
BRH:15
DA:1,2
DA:2,2
DA:3,2
DA:4,2
DA:5,2
DA:6,2
DA:7,3184
DA:8,3184
DA:9,183
DA:10,3184
DA:11,11
DA:12,11
DA:13,3184
DA:14,3
DA:15,3
DA:16,3
DA:17,3
DA:18,3184
DA:19,3
DA:20,3
DA:21,3184
DA:22,2
DA:23,2
DA:24,2
DA:25,2
DA:26,2
DA:27,2
DA:28,2
DA:29,2
DA:30,2
DA:31,2
DA:32,2
DA:33,2
DA:34,2
DA:35,2
DA:36,2
DA:37,2
DA:38,2
DA:39,2
DA:40,2
DA:41,2
DA:42,2
DA:43,2
DA:44,2
DA:45,2
DA:46,2
DA:47,2
DA:48,2
DA:49,2
DA:50,2
LH:50
LF:50
end_of_record
SF:src/lib/leaf.ts
FN:1,__name
FN:6,findLeafFiles
FN:8,anonymous_2
FN:9,anonymous_3
FN:12,anonymous_4
FNDA:1,__name
FNDA:1,findLeafFiles
FNDA:13,anonymous_2
FNDA:15,anonymous_3
FNDA:9,anonymous_4
FNF:5
FNH:5
BRDA:1,0,0,1
BRDA:1,1,0,1
BRDA:6,2,0,1
BRDA:8,3,0,13
BRDA:9,4,0,15
BRDA:12,5,0,9
BRF:6
BRH:6
DA:1,1
DA:2,1
DA:3,1
DA:4,1
DA:5,1
DA:6,1
DA:7,1
DA:8,13
DA:9,13
DA:10,13
DA:11,1
DA:12,1
DA:13,1
DA:14,1
DA:15,1
DA:16,1
DA:17,1
DA:18,1
DA:19,1
DA:20,1
LH:20
LF:20
end_of_record
SF:src/lib/mutual.ts
FN:2,__name
FN:4,findMutualDependencies
FN:6,anonymous_2
FN:7,anonymous_3
FN:9,anonymous_4
FNDA:1,__name
FNDA:1,findMutualDependencies
FNDA:13,anonymous_2
FNDA:15,anonymous_3
FNDA:0,anonymous_4
FNF:5
FNH:4
BRDA:1,0,0,1
BRDA:2,1,0,1
BRDA:4,2,0,1
BRDA:6,3,0,13
BRDA:7,4,0,15
BRDA:8,5,0,0
BRF:6
BRH:5
DA:1,1
DA:2,1
DA:3,1
DA:4,1
DA:5,1
DA:6,13
DA:7,13
DA:8,15
DA:9,0
DA:10,0
DA:11,1
DA:12,1
DA:13,1
DA:14,1
DA:15,1
DA:16,1
DA:17,1
DA:18,1
DA:19,1
DA:20,1
DA:21,1
DA:22,1
DA:23,1
DA:24,1
DA:25,1
DA:26,1
DA:27,1
LH:25
LF:27
end_of_record
SF:src/lib/packageInfo.ts
FN:2,__name
FN:7,getPackageInfo
FN:16,anonymous_2
FN:18,anonymous_3
FNDA:1,__name
FNDA:3,getPackageInfo
FNDA:4,anonymous_2
FNDA:4,anonymous_3
FNF:4
FNH:4
BRDA:1,0,0,1
BRDA:2,1,0,1
BRDA:7,2,0,1
BRDA:15,3,0,0
BRDA:20,4,0,3
BRDA:23,5,0,2
BRDA:25,6,0,1
BRDA:29,7,0,1
BRDA:34,8,0,0
BRDA:16,9,0,4
BRDA:18,10,0,4
BRF:11
BRH:9
DA:1,1
DA:2,1
DA:3,1
DA:4,1
DA:5,1
DA:6,1
DA:7,1
DA:8,1
DA:9,1
DA:10,1
DA:11,1
DA:12,1
DA:13,1
DA:14,1
DA:15,1
DA:16,1
DA:17,1
DA:18,1
DA:19,1
DA:20,1
DA:21,3
DA:22,3
DA:23,3
DA:24,2
DA:25,2
DA:26,2
DA:27,2
DA:28,2
DA:29,1
DA:30,1
DA:31,1
DA:32,1
DA:33,1
DA:34,1
DA:35,0
DA:36,1
DA:37,1
DA:38,1
DA:39,1
DA:40,1
DA:41,1
DA:42,1
DA:43,1
DA:44,1
DA:45,1
DA:46,1
DA:47,1
DA:48,1
DA:49,1
DA:50,1
DA:51,1
DA:52,1
DA:53,1
DA:54,1
DA:55,1
DA:56,1
LH:55
LF:56
end_of_record
SF:src/lib/resolveExt.ts
FN:2,__name
FN:6,resolveExtension
FN:14,anonymous_2
FN:15,anonymous_3
FN:31,anonymous_4
FNDA:4,__name
FNDA:16,resolveExtension
FNDA:136,anonymous_2
FNDA:54,anonymous_3
FNDA:18,anonymous_4
FNF:5
FNH:5
BRDA:1,0,0,2
BRDA:2,1,0,4
BRDA:6,2,0,16
BRDA:17,3,0,1
BRDA:18,4,0,2
BRDA:18,5,0,1
BRDA:28,6,0,2
BRDA:14,7,0,136
BRDA:15,8,0,54
BRDA:16,9,0,13
BRDA:31,10,0,18
BRDA:34,11,0,1
BRDA:36,12,0,2
BRDA:37,13,0,1
BRF:14
BRH:14
DA:1,2
DA:2,2
DA:3,4
DA:4,4
DA:5,2
DA:6,2
DA:7,16
DA:8,16
DA:9,16
DA:10,16
DA:11,16
DA:12,16
DA:13,16
DA:14,16
DA:15,16
DA:16,16
DA:17,1
DA:18,16
DA:19,1
DA:20,1
DA:21,1
DA:22,1
DA:23,1
DA:24,1
DA:25,1
DA:26,1
DA:27,1
DA:28,16
DA:29,2
DA:30,2
DA:31,2
DA:32,18
DA:33,18
DA:34,18
DA:35,1
DA:36,18
DA:37,2
DA:38,1
DA:39,2
DA:40,2
DA:41,2
DA:42,2
DA:43,2
DA:44,2
DA:45,2
DA:46,2
DA:47,2
DA:48,2
DA:49,2
DA:50,2
DA:51,2
DA:52,2
DA:53,2
DA:54,2
DA:55,2
DA:56,2
DA:57,2
DA:58,2
DA:59,2
DA:60,2
DA:61,2
DA:62,2
DA:63,2
DA:64,2
DA:65,2
DA:66,2
DA:67,2
DA:68,2
DA:69,2
LH:69
LF:69
end_of_record
SF:src/lib/sort.ts
FN:2,__name
FN:4,topoSort
FN:5,visit
FNDA:2,__name
FNDA:1,topoSort
FNDA:28,visit
FNF:3
FNH:3
BRDA:1,0,0,1
BRDA:2,1,0,2
BRDA:4,2,0,1
BRDA:5,3,0,28
BRDA:6,4,0,15
BRDA:6,5,0,13
BRDA:6,6,0,0
BRF:7
BRH:6
DA:1,1
DA:2,1
DA:3,2
DA:4,1
DA:5,1
DA:6,28
DA:7,1
DA:8,1
DA:9,1
DA:10,1
DA:11,1
DA:12,1
DA:13,1
DA:14,1
DA:15,1
DA:16,1
DA:17,1
DA:18,1
DA:19,1
DA:20,1
DA:21,1
DA:22,1
LH:22
LF:22
end_of_record
SF:src/lib/utils.ts
FN:2,__name
FN:11,anonymous_1
FN:16,anonymous_2
FN:21,anonymous_3
FN:21,anonymous_4
FN:26,runPromise
FN:27,anonymous_6
FN:29,anonymous_7
FNDA:4,__name
FNDA:28,anonymous_1
FNDA:13,anonymous_2
FNDA:3,anonymous_3
FNDA:39,anonymous_4
FNDA:11,runPromise
FNDA:11,anonymous_6
FNDA:11,anonymous_7
FNF:8
FNH:8
BRDA:1,0,0,1
BRDA:2,1,0,4
BRDA:11,2,0,28
BRDA:13,3,0,20
BRDA:16,4,0,1
BRDA:16,5,0,13
BRDA:21,6,0,3
BRDA:21,7,0,39
BRDA:26,8,0,11
BRDA:27,9,0,11
BRDA:29,10,0,10
BRDA:29,11,0,1
BRDA:30,12,0,0
BRDA:29,13,0,11
BRF:14
BRH:13
DA:1,1
DA:2,1
DA:3,4
DA:4,4
DA:5,4
DA:6,1
DA:7,1
DA:8,1
DA:9,1
DA:10,1
DA:11,28
DA:12,28
DA:13,1
DA:14,1
DA:15,1
DA:16,1
DA:17,13
DA:18,13
DA:19,13
DA:20,1
DA:21,3
DA:22,39
DA:23,39
DA:24,39
DA:25,39
DA:26,1
DA:27,11
DA:28,11
DA:29,11
DA:30,11
DA:31,1
DA:32,1
DA:33,1
DA:34,1
DA:35,1
DA:36,1
DA:37,1
DA:38,1
DA:39,1
DA:40,1
DA:41,1
DA:42,1
DA:43,1
DA:44,1
DA:45,1
DA:46,1
DA:47,1
DA:48,1
DA:49,1
DA:50,1
LH:50
LF:50
end_of_record
SF:src/lib/visualize.ts
FN:4,__name
FN:4,visualizeDependencies
FN:7,anonymous_2
FN:13,anonymous_3
FNDA:1,__name
FNDA:1,visualizeDependencies
FNDA:13,anonymous_2
FNDA:15,anonymous_3
FNF:4
FNH:4
BRDA:1,0,0,1
BRDA:4,1,0,1
BRDA:4,2,0,1
BRDA:7,3,0,13
BRDA:11,4,0,9
BRDA:13,5,0,4
BRDA:13,6,0,15
BRDA:15,7,0,4
BRDA:15,8,0,11
BRF:9
BRH:9
DA:1,1
DA:2,1
DA:3,1
DA:4,1
DA:5,1
DA:6,1
DA:7,1
DA:8,13
DA:9,13
DA:10,13
DA:11,13
DA:12,9
DA:13,13
DA:14,15
DA:15,15
DA:16,15
DA:17,4
DA:18,13
DA:19,13
DA:20,1
DA:21,1
DA:22,1
DA:23,1
DA:24,1
DA:25,1
DA:26,1
LH:26
LF:26
end_of_record
SF:test/analyze.test.ts
FN:4,anonymous_0
FN:5,anonymous_1
FN:13,anonymous_2
FN:24,anonymous_3
FN:39,anonymous_4
FN:59,anonymous_5
FN:79,anonymous_6
FN:90,anonymous_7
FNDA:1,anonymous_0
FNDA:1,anonymous_1
FNDA:1,anonymous_2
FNDA:1,anonymous_3
FNDA:1,anonymous_4
FNDA:1,anonymous_5
FNDA:1,anonymous_6
FNDA:1,anonymous_7
FNF:8
FNH:8
BRDA:1,0,0,1
BRDA:4,1,0,1
BRDA:5,2,0,1
BRDA:13,3,0,1
BRDA:24,4,0,1
BRDA:39,5,0,1
BRDA:59,6,0,1
BRDA:79,7,0,1
BRDA:90,8,0,1
BRF:9
BRH:9
DA:1,1
DA:2,1
DA:3,1
DA:4,1
DA:5,1
DA:6,1
DA:7,1
DA:8,1
DA:9,1
DA:10,1
DA:11,1
DA:12,1
DA:13,1
DA:14,1
DA:15,1
DA:16,1
DA:17,1
DA:18,1
DA:19,1
DA:20,1
DA:21,1
DA:22,1
DA:23,1
DA:24,1
DA:25,1
DA:26,1
DA:27,1
DA:28,1
DA:29,1
DA:30,1
DA:31,1
DA:32,1
DA:33,1
DA:34,1
DA:35,1
DA:36,1
DA:37,1
DA:38,1
DA:39,1
DA:40,1
DA:41,1
DA:42,1
DA:43,1
DA:44,1
DA:45,1
DA:46,1
DA:47,1
DA:48,1
DA:49,1
DA:50,1
DA:51,1
DA:52,1
DA:53,1
DA:54,1
DA:55,1
DA:56,1
DA:57,1
DA:58,1
DA:59,1
DA:60,1
DA:61,1
DA:62,1
DA:63,1
DA:64,1
DA:65,1
DA:66,1
DA:67,1
DA:68,1
DA:69,1
DA:70,1
DA:71,1
DA:72,1
DA:73,1
DA:74,1
DA:75,1
DA:76,1
DA:77,1
DA:78,1
DA:79,1
DA:80,1
DA:81,1
DA:82,1
DA:83,1
DA:84,1
DA:85,1
DA:86,1
DA:87,1
DA:88,1
DA:89,1
DA:90,1
DA:91,1
DA:92,1
DA:93,1
DA:94,1
DA:95,1
DA:96,1
DA:97,1
DA:98,1
DA:99,1
DA:100,1
DA:101,1
DA:102,1
DA:103,1
DA:104,1
DA:105,1
DA:106,1
DA:107,1
DA:108,1
DA:109,1
DA:110,1
DA:111,1
DA:112,1
DA:113,1
DA:114,1
DA:115,1
DA:116,1
DA:117,1
DA:118,1
DA:119,1
DA:120,1
DA:121,1
DA:122,1
DA:123,1
DA:124,1
DA:125,1
DA:126,1
DA:127,1
DA:128,1
DA:129,1
DA:130,1
DA:131,1
DA:132,1
DA:133,1
DA:134,1
DA:135,1
DA:136,1
DA:137,1
DA:138,1
DA:139,1
DA:140,1
DA:141,1
DA:142,1
DA:143,1
DA:144,1
DA:145,1
DA:146,1
DA:147,1
DA:148,1
DA:149,1
LH:149
LF:149
end_of_record
SF:test/dependensia.test.ts
FN:2,__name
FN:8,anonymous_1
FN:11,expect
FN:12,anonymous_3
FN:16,anonymous_4
FN:22,anonymous_5
FN:32,anonymous_6
FN:38,anonymous_7
FN:49,anonymous_8
FNDA:74,__name
FNDA:12,anonymous_1
FNDA:24,expect
FNDA:12,anonymous_3
FNDA:12,anonymous_4
FNDA:0,anonymous_5
FNDA:1,anonymous_6
FNDA:1,anonymous_7
FNDA:1,anonymous_8
FNF:9
FNH:8
BRDA:1,0,0,1
BRDA:2,1,0,74
BRDA:8,2,0,12
BRDA:11,3,0,24
BRDA:12,4,0,12
BRDA:12,5,0,0
BRDA:16,6,0,12
BRDA:17,7,0,1
BRDA:18,8,0,11
BRDA:32,9,0,1
BRDA:38,10,0,1
BRDA:49,11,0,1
BRF:12
BRH:11
DA:1,1
DA:2,1
DA:3,74
DA:4,1
DA:5,1
DA:6,1
DA:7,1
DA:8,1
DA:9,12
DA:10,12
DA:11,1
DA:12,24
DA:13,12
DA:14,12
DA:15,24
DA:16,24
DA:17,12
DA:18,1
DA:19,24
DA:20,24
DA:21,24
DA:22,24
DA:23,0
DA:24,0
DA:25,0
DA:26,0
DA:27,24
DA:28,24
DA:29,1
DA:30,1
DA:31,1
DA:32,1
DA:33,1
DA:34,1
DA:35,1
DA:36,1
DA:37,1
DA:38,1
DA:39,1
DA:40,1
DA:41,1
DA:42,1
DA:43,1
DA:44,1
DA:45,1
DA:46,1
DA:47,1
DA:48,1
DA:49,1
DA:50,1
DA:51,1
DA:52,1
DA:53,1
DA:54,1
DA:55,1
DA:56,1
DA:57,1
DA:58,1
DA:59,1
DA:60,1
DA:61,1
DA:62,1
DA:63,1
DA:64,1
DA:65,1
DA:66,1
DA:67,1
DA:68,1
LH:64
LF:68
end_of_record
SF:test/esm/boom/ace.js
FN:3,aceFoo
FN:6,aceBar
FNDA:0,aceFoo
FNDA:0,aceBar
FNF:2
FNH:0
BRDA:1,0,0,3
BRF:1
BRH:1
DA:1,3
DA:2,3
DA:3,3
DA:4,0
DA:5,0
DA:6,3
DA:7,0
DA:8,0
DA:9,3
LH:5
LF:9
end_of_record
SF:test/esm/foo.js
FN:4,biz
FNDA:0,biz
FNF:1
FNH:0
BRDA:1,0,0,3
BRF:1
BRH:1
DA:1,3
DA:2,3
DA:3,3
DA:4,0
DA:5,0
DA:6,0
DA:7,0
DA:8,0
DA:9,3
DA:10,3
LH:5
LF:10
end_of_record
SF:test/esm/index.js
FN:3,bzz
FNDA:0,bzz
FNF:1
FNH:0
BRDA:1,0,0,1
BRF:1
BRH:1
DA:1,1
DA:2,1
DA:3,0
DA:4,0
DA:5,0
DA:6,1
DA:7,1
LH:4
LF:7
end_of_record
SF:test/handlers.test.ts
FN:2,__name
FN:8,anonymous_1
FN:12,anonymous_2
FN:18,anonymous_3
FN:19,anonymous_4
FN:20,anonymous_5
FN:22,anonymous_6
FN:25,anonymous_7
FN:30,anonymous_8
FN:34,anonymous_9
FN:39,anonymous_10
FN:42,anonymous_11
FN:46,anonymous_12
FN:51,anonymous_13
FN:54,anonymous_14
FN:59,anonymous_15
FN:63,anonymous_16
FN:69,anonymous_17
FN:71,anonymous_18
FN:72,anonymous_19
FN:76,anonymous_20
FN:82,anonymous_21
FN:87,anonymous_22
FN:91,anonymous_23
FN:95,anonymous_24
FN:99,anonymous_25
FN:104,anonymous_26
FN:107,anonymous_27
FN:113,anonymous_28
FN:117,anonymous_29
FN:122,anonymous_30
FN:127,anonymous_31
FN:132,anonymous_32
FN:134,anonymous_33
FN:137,anonymous_34
FN:142,anonymous_35
FN:146,anonymous_36
FN:152,anonymous_37
FN:155,anonymous_38
FN:160,anonymous_39
FN:163,anonymous_40
FNDA:3,__name
FNDA:8,anonymous_1
FNDA:8,anonymous_2
FNDA:16,anonymous_3
FNDA:31,anonymous_4
FNDA:1,anonymous_5
FNDA:1,anonymous_6
FNDA:2,anonymous_7
FNDA:1,anonymous_8
FNDA:2,anonymous_9
FNDA:1,anonymous_10
FNDA:3,anonymous_11
FNDA:1,anonymous_12
FNDA:2,anonymous_13
FNDA:1,anonymous_14
FNDA:2,anonymous_15
FNDA:1,anonymous_16
FNDA:2,anonymous_17
FNDA:1,anonymous_18
FNDA:1,anonymous_19
FNDA:2,anonymous_20
FNDA:1,anonymous_21
FNDA:2,anonymous_22
FNDA:1,anonymous_23
FNDA:2,anonymous_24
FNDA:1,anonymous_25
FNDA:2,anonymous_26
FNDA:1,anonymous_27
FNDA:2,anonymous_28
FNDA:1,anonymous_29
FNDA:2,anonymous_30
FNDA:1,anonymous_31
FNDA:1,anonymous_32
FNDA:6,anonymous_33
FNDA:1,anonymous_34
FNDA:6,anonymous_35
FNDA:1,anonymous_36
FNDA:1,anonymous_37
FNDA:8,anonymous_38
FNDA:1,anonymous_39
FNDA:8,anonymous_40
FNF:41
FNH:41
BRDA:1,0,0,1
BRDA:2,1,0,3
BRDA:8,2,0,8
BRDA:12,3,0,8
BRDA:18,4,0,16
BRDA:19,5,0,31
BRDA:20,6,0,1
BRDA:22,7,0,1
BRDA:25,8,0,2
BRDA:30,9,0,1
BRDA:34,10,0,2
BRDA:39,11,0,1
BRDA:42,12,0,3
BRDA:46,13,0,1
BRDA:51,14,0,2
BRDA:54,15,0,1
BRDA:59,16,0,2
BRDA:63,17,0,1
BRDA:69,18,0,2
BRDA:71,19,0,1
BRDA:72,20,0,1
BRDA:76,21,0,2
BRDA:82,22,0,1
BRDA:87,23,0,2
BRDA:91,24,0,1
BRDA:95,25,0,2
BRDA:99,26,0,1
BRDA:104,27,0,2
BRDA:107,28,0,1
BRDA:113,29,0,2
BRDA:117,30,0,1
BRDA:122,31,0,2
BRDA:127,32,0,1
BRDA:132,33,0,1
BRDA:134,34,0,6
BRDA:137,35,0,1
BRDA:142,36,0,6
BRDA:146,37,0,1
BRDA:152,38,0,1
BRDA:155,39,0,8
BRDA:160,40,0,1
BRDA:163,41,0,8
BRF:42
BRH:42
DA:1,1
DA:2,1
DA:3,1
DA:4,1
DA:5,1
DA:6,1
DA:7,1
DA:8,1
DA:9,1
DA:10,1
DA:11,1
DA:12,1
DA:13,1
DA:14,1
DA:15,1
DA:16,1
DA:17,1
DA:18,1
DA:19,1
DA:20,1
DA:21,1
DA:22,1
DA:23,1
DA:24,1
DA:25,1
DA:26,1
DA:27,1
DA:28,1
DA:29,1
DA:30,1
DA:31,1
DA:32,1
DA:33,1
DA:34,1
DA:35,1
DA:36,1
DA:37,1
DA:38,1
DA:39,1
DA:40,1
DA:41,1
DA:42,1
DA:43,1
DA:44,1
DA:45,1
DA:46,1
DA:47,1
DA:48,1
DA:49,1
DA:50,1
DA:51,1
DA:52,1
DA:53,1
DA:54,1
DA:55,1
DA:56,1
DA:57,1
DA:58,1
DA:59,1
DA:60,1
DA:61,1
DA:62,1
DA:63,1
DA:64,1
DA:65,1
DA:66,1
DA:67,1
DA:68,1
DA:69,1
DA:70,1
DA:71,1
DA:72,1
DA:73,1
DA:74,1
DA:75,1
DA:76,1
DA:77,1
DA:78,1
DA:79,1
DA:80,1
DA:81,1
DA:82,1
DA:83,1
DA:84,1
DA:85,1
DA:86,1
DA:87,1
DA:88,1
DA:89,1
DA:90,1
DA:91,1
DA:92,1
DA:93,1
DA:94,1
DA:95,1
DA:96,1
DA:97,1
DA:98,1
DA:99,1
DA:100,1
DA:101,1
DA:102,1
DA:103,1
DA:104,1
DA:105,1
DA:106,1
DA:107,1
DA:108,1
DA:109,1
DA:110,1
DA:111,1
DA:112,1
DA:113,1
DA:114,1
DA:115,1
DA:116,1
DA:117,1
DA:118,1
DA:119,1
DA:120,1
DA:121,1
DA:122,1
DA:123,2
DA:124,1
DA:125,1
DA:126,1
DA:127,1
DA:128,1
DA:129,1
DA:130,1
DA:131,1
DA:132,1
DA:133,1
DA:134,1
DA:135,1
DA:136,1
DA:137,1
DA:138,1
DA:139,1
DA:140,1
DA:141,1
DA:142,6
DA:143,6
DA:144,1
DA:145,1
DA:146,1
DA:147,1
DA:148,1
DA:149,1
DA:150,1
DA:151,1
DA:152,1
DA:153,1
DA:154,1
DA:155,1
DA:156,1
DA:157,1
DA:158,1
DA:159,1
DA:160,1
DA:161,1
DA:162,1
DA:163,1
DA:164,1
DA:165,1
DA:166,1
DA:167,1
DA:168,1
DA:169,1
DA:170,1
DA:171,1
DA:172,1
DA:173,1
DA:174,1
DA:175,1
DA:176,1
DA:177,1
DA:178,1
DA:179,1
DA:180,1
DA:181,1
DA:182,1
DA:183,1
DA:184,1
DA:185,1
DA:186,1
DA:187,1
DA:188,1
DA:189,1
DA:190,1
DA:191,1
DA:192,1
DA:193,1
DA:194,1
DA:195,1
DA:196,1
DA:197,1
DA:198,1
DA:199,1
DA:200,1
DA:201,1
LH:201
LF:201
end_of_record
SF:test/resolveExt.test.ts
FN:5,anonymous_0
FN:6,anonymous_1
FN:13,anonymous_2
FN:18,anonymous_3
FN:20,anonymous_4
FN:22,anonymous_5
FN:26,anonymous_6
FN:32,anonymous_7
FNDA:1,anonymous_0
FNDA:1,anonymous_1
FNDA:1,anonymous_2
FNDA:1,anonymous_3
FNDA:1,anonymous_4
FNDA:1,anonymous_5
FNDA:1,anonymous_6
FNDA:1,anonymous_7
FNF:8
FNH:8
BRDA:1,0,0,1
BRDA:5,1,0,1
BRDA:6,2,0,1
BRDA:13,3,0,1
BRDA:18,4,0,1
BRDA:20,5,0,1
BRDA:22,6,0,1
BRDA:26,7,0,1
BRDA:32,8,0,1
BRF:9
BRH:9
DA:1,1
DA:2,1
DA:3,1
DA:4,1
DA:5,1
DA:6,1
DA:7,1
DA:8,1
DA:9,1
DA:10,1
DA:11,1
DA:12,1
DA:13,1
DA:14,1
DA:15,1
DA:16,1
DA:17,1
DA:18,1
DA:19,1
DA:20,1
DA:21,1
DA:22,1
DA:23,1
DA:24,1
DA:25,1
DA:26,1
DA:27,1
DA:28,1
DA:29,1
DA:30,1
DA:31,1
DA:32,1
DA:33,1
DA:34,1
DA:35,1
DA:36,1
DA:37,1
DA:38,1
DA:39,1
DA:40,1
DA:41,1
DA:42,1
LH:42
LF:42
end_of_record
SF:test/ts/boom/ace.ts
FN:2,__name
FN:undefined,<static_initializer>
FN:undefined,aceFoo
FN:undefined,aceBar
FNDA:3,__name
FNDA:3,<static_initializer>
FNDA:0,aceFoo
FNDA:0,aceBar
FNF:4
FNH:4
BRDA:1,0,0,3
BRDA:2,1,0,3
BRDA:undefined,2,0,3
BRF:3
BRH:3
DA:1,3
DA:2,3
DA:3,3
DA:4,3
DA:5,3
DA:6,3
DA:7,3
DA:8,3
DA:9,3
LH:9
LF:9
end_of_record
SF:test/ts/foo.ts
FN:2,__name
FN:10,biz
FNDA:3,__name
FNDA:0,biz
FNF:2
FNH:1
BRDA:1,0,0,3
BRDA:2,1,0,3
BRF:2
BRH:2
DA:1,3
DA:2,3
DA:3,3
DA:4,3
DA:5,3
DA:6,3
DA:7,3
DA:8,3
DA:9,3
DA:10,3
LH:10
LF:10
end_of_record
SF:test/ts/index.ts
FN:3,__name
FN:undefined,bzz
FNDA:1,__name
FNDA:0,bzz
FNF:2
FNH:2
BRDA:1,0,0,1
BRDA:3,1,0,1
BRF:2
BRH:2
DA:1,1
DA:2,1
DA:3,1
DA:4,1
DA:5,1
DA:6,1
DA:7,1
LH:7
LF:7
end_of_record
